nohup: ignoring input
INFO  [hexo-math] Using engine 'mathjax'
INFO  Start processing
INFO  Hexo is running at http://localhost:4000/. Press Ctrl+C to stop.
TypeError: next is not a function
    at /home/hch/hexo/node_modules/hexo-admin/api.js:318:25
    at /home/hch/hexo/node_modules/hexo-admin/api.js:141:7
    at call (/home/hch/hexo/node_modules/connect/index.js:239:7)
    at next (/home/hch/hexo/node_modules/connect/index.js:183:5)
    at next (/home/hch/hexo/node_modules/connect/index.js:161:14)
    at next (/home/hch/hexo/node_modules/connect/index.js:161:14)
    at next (/home/hch/hexo/node_modules/connect/index.js:161:14)
    at next (/home/hch/hexo/node_modules/connect/index.js:161:14)
    at next (/home/hch/hexo/node_modules/connect/index.js:161:14)
    at next (/home/hch/hexo/node_modules/connect/index.js:161:14)
    at next (/home/hch/hexo/node_modules/connect/index.js:161:14)
    at next (/home/hch/hexo/node_modules/connect/index.js:161:14)
    at jsonParser (/home/hch/hexo/node_modules/body-parser/lib/types/json.js:110:7)
    at call (/home/hch/hexo/node_modules/connect/index.js:239:7)
    at next (/home/hch/hexo/node_modules/connect/index.js:183:5)
    at SendStream.error (/home/hch/hexo/node_modules/serve-static/index.js:121:7)
    at emitOne (events.js:96:13)
    at SendStream.emit (events.js:188:7)
    at SendStream.error (/home/hch/hexo/node_modules/send/index.js:270:17)
    at SendStream.onStatError (/home/hch/hexo/node_modules/send/index.js:421:12)
    at next (/home/hch/hexo/node_modules/send/index.js:736:16)
    at onstat (/home/hch/hexo/node_modules/send/index.js:725:14)
